<?xml version="1.0" encoding="UTF-8"?>
<testng-results ignored="0" total="1" passed="1" failed="0" skipped="0">
  <reporter-output>
  </reporter-output>
  <suite started-at="2022-05-06T04:53:48Z" name="Default suite" finished-at="2022-05-06T04:53:58Z" duration-ms="9707">
    <groups>
    </groups>
    <test started-at="2022-05-06T04:53:48Z" name="Default test" finished-at="2022-05-06T04:53:58Z" duration-ms="9707">
      <class name="com.Practice.LogintoFacebook">
        <test-method signature="loginToFacebook()[pri:0, instance:com.Practice.LogintoFacebook@36cda2c2]" started-at="2022-05-06T04:53:48Z" name="loginToFacebook" finished-at="2022-05-06T04:53:58Z" duration-ms="9690" status="PASS">
          <reporter-output>
          </reporter-output>
        </test-method> <!-- loginToFacebook -->
      </class> <!-- com.Practice.LogintoFacebook -->
    </test> <!-- Default test -->
  </suite> <!-- Default suite -->
</testng-results>
